build/intermediates/manifest_merge_blame_file/debug/manifest-merger-blame-debug-report.txt
1<?xml version="1.0" encoding="utf-8"?>
2<manifest xmlns:android="http://schemas.android.com/apk/res/android"
3    xmlns:tools="http://schemas.android.com/tools"
4    package="github.ankushsachdeva.emojicon" >
5
6    <uses-sdk
7        android:minSdkVersion="15"
7-->src/main/AndroidManifest.xml
8        android:targetSdkVersion="31" />
8-->src/main/AndroidManifest.xml
9
10    <application
10-->src/main/AndroidManifest.xml:5:5-9:19
11        android:allowBackup="true"
11-->src/main/AndroidManifest.xml:5:18-44
12        android:label="@string/app_name" >
12-->src/main/AndroidManifest.xml:6:9-41
13    </application>
14
15</manifest>